2025-09-26 16:32:05 | INFO | {'message': 'I just tried travel! It was funny.', 'author': 'Charlie', 'timestamp': '2025-09-26 16:32:05', 'category': 'travel', 'sentiment': 0.26, 'keyword_mentioned': 'travel', 'message_length': 34}
2025-09-26 16:32:10 | INFO | {'message': 'I just shared recipe! It was amazing.', 'author': 'Eve', 'timestamp': '2025-09-26 16:32:10', 'category': 'food', 'sentiment': 0.56, 'keyword_mentioned': 'recipe', 'message_length': 37}
2025-09-26 16:32:15 | INFO | {'message': 'I just loved a movie! It was boring.', 'author': 'Alice', 'timestamp': '2025-09-26 16:32:15', 'category': 'entertainment', 'sentiment': 0.84, 'keyword_mentioned': 'movie', 'message_length': 36}
2025-09-26 16:32:20 | INFO | {'message': 'I just saw recipe! It was exciting.', 'author': 'Charlie', 'timestamp': '2025-09-26 16:32:20', 'category': 'food', 'sentiment': 0.29, 'keyword_mentioned': 'recipe', 'message_length': 35}
2025-09-26 16:32:25 | INFO | {'message': 'I just tried a movie! It was exciting.', 'author': 'Eve', 'timestamp': '2025-09-26 16:32:25', 'category': 'entertainment', 'sentiment': 0.63, 'keyword_mentioned': 'movie', 'message_length': 38}
2025-09-26 16:32:30 | INFO | {'message': 'I just tried an app! It was exciting.', 'author': 'Bob', 'timestamp': '2025-09-26 16:32:30', 'category': 'other', 'sentiment': 0.84, 'keyword_mentioned': 'other', 'message_length': 37}
2025-09-26 16:32:35 | INFO | {'message': 'I just tried recipe! It was weird.', 'author': 'Eve', 'timestamp': '2025-09-26 16:32:35', 'category': 'food', 'sentiment': 0.81, 'keyword_mentioned': 'recipe', 'message_length': 34}
2025-09-26 16:32:40 | INFO | {'message': 'I just loved Python! It was weird.', 'author': 'Alice', 'timestamp': '2025-09-26 16:32:40', 'category': 'tech', 'sentiment': 0.21, 'keyword_mentioned': 'Python', 'message_length': 34}
2025-09-26 16:32:45 | INFO | {'message': 'I just shared recipe! It was funny.', 'author': 'Charlie', 'timestamp': '2025-09-26 16:32:45', 'category': 'food', 'sentiment': 0.66, 'keyword_mentioned': 'recipe', 'message_length': 35}
2025-09-26 16:32:50 | INFO | {'message': 'I just found a meme! It was weird.', 'author': 'Charlie', 'timestamp': '2025-09-26 16:32:50', 'category': 'humor', 'sentiment': 0.75, 'keyword_mentioned': 'meme', 'message_length': 34}
2025-09-26 16:32:55 | INFO | {'message': 'I just found a movie! It was amazing.', 'author': 'Alice', 'timestamp': '2025-09-26 16:32:55', 'category': 'entertainment', 'sentiment': 0.14, 'keyword_mentioned': 'movie', 'message_length': 37}
2025-09-26 16:33:00 | INFO | {'message': 'I just loved recipe! It was funny.', 'author': 'Charlie', 'timestamp': '2025-09-26 16:33:00', 'category': 'food', 'sentiment': 0.05, 'keyword_mentioned': 'recipe', 'message_length': 34}
2025-09-26 16:33:05 | INFO | {'message': 'I just saw a trick! It was boring.', 'author': 'Charlie', 'timestamp': '2025-09-26 16:33:05', 'category': 'other', 'sentiment': 0.86, 'keyword_mentioned': 'other', 'message_length': 34}
2025-09-26 16:33:10 | INFO | {'message': 'I just saw a trick! It was weird.', 'author': 'Alice', 'timestamp': '2025-09-26 16:33:10', 'category': 'other', 'sentiment': 0.55, 'keyword_mentioned': 'other', 'message_length': 33}
2025-09-26 16:33:14 | WARNING | Producer interrupted by user.
2025-09-26 16:33:14 | INFO | Kafka producer closed.
2025-09-26 16:33:14 | INFO | Producer shutting down.
2025-09-30 01:32:38 | INFO | Logging to file: logs/project_log.log
2025-09-30 01:32:38 | INFO | Log sanitization enabled, personal info removed
2025-09-30 01:32:39 | INFO | Starting Producer to run continuously.
2025-09-30 01:32:39 | INFO | Use Ctrl+C to stop.
2025-09-30 01:32:39 | INFO | MESSAGE_INTERVAL_SECONDS: 5
2025-09-30 01:32:39 | INFO | BUZZ_TOPIC: buzzline_db
2025-09-30 01:32:39 | INFO | KAFKA_BROKER_ADDRESS: 127.0.0.1:9092
2025-09-30 01:32:39 | INFO | BASE_DATA_DIR: /Users/USER/Projects/buzzline-05-USER/data
2025-09-30 01:32:39 | INFO | LIVE_DATA_PATH: /Users/USER/Projects/buzzline-05-USER/data/project_live.json
2025-09-30 01:32:39 | INFO | BASE_DATA_DIR: /Users/USER/Projects/buzzline-05-USER/data
2025-09-30 01:32:39 | INFO | SQLITE_PATH: /Users/USER/Projects/buzzline-05-USER/data/buzz.sqlite
2025-09-30 01:32:39 | INFO | Deleted existing live data file.
2025-09-30 01:32:39 | INFO | Kafka broker address: localhost:9092
2025-09-30 01:32:39 | INFO | Kafka is ready. Brokers: {'throttle_time_ms': 0, 'brokers': [{'node_id': 1, 'host': 'localhost', 'port': 9092, 'rack': None}], 'cluster_id': 'LwsdMbqGSlqy8MlIvhUcAg', 'controller_id': 1}
2025-09-30 01:32:39 | INFO | Kafka producer connected to 127.0.0.1:9092
2025-09-30 01:32:39 | INFO | Kafka broker address: localhost:9092
2025-09-30 01:32:39 | INFO | Topic 'buzzline_db' already exists. Recreating fresh...
2025-09-30 01:32:39 | INFO | Requested deletion of topic 'buzzline_db'.
2025-09-30 01:32:39 | INFO | Topic 'buzzline_db' created successfully.
2025-09-30 01:32:39 | INFO | Kafka topic 'buzzline_db' is ready.
2025-09-30 01:32:40 | INFO | {'message': 'I just loved JavaScript! It was amazing.', 'author': 'Charlie', 'timestamp': '2025-09-30 01:32:39', 'category': 'tech', 'sentiment': 0.54, 'keyword_mentioned': 'JavaScript', 'message_length': 40}
2025-09-30 01:32:45 | INFO | {'message': 'I just loved an app! It was amazing.', 'author': 'Eve', 'timestamp': '2025-09-30 01:32:45', 'category': 'other', 'sentiment': 0.36, 'keyword_mentioned': 'other', 'message_length': 36}
2025-09-30 01:32:50 | INFO | {'message': 'I just found travel! It was amazing.', 'author': 'Eve', 'timestamp': '2025-09-30 01:32:50', 'category': 'travel', 'sentiment': 0.9, 'keyword_mentioned': 'travel', 'message_length': 36}
2025-09-30 01:32:55 | INFO | {'message': 'I just loved a movie! It was funny.', 'author': 'Eve', 'timestamp': '2025-09-30 01:32:55', 'category': 'entertainment', 'sentiment': 0.92, 'keyword_mentioned': 'movie', 'message_length': 35}
2025-09-30 01:33:00 | INFO | {'message': 'I just found game! It was amazing.', 'author': 'Alice', 'timestamp': '2025-09-30 01:33:00', 'category': 'gaming', 'sentiment': 0.11, 'keyword_mentioned': 'game', 'message_length': 34}
2025-09-30 01:33:03 | INFO | Logging to file: logs/project_log.log
2025-09-30 01:33:03 | INFO | Log sanitization enabled, personal info removed
2025-09-30 01:33:03 | INFO | BUZZ_TOPIC: buzzline_db
2025-09-30 01:33:03 | INFO | BUZZ_CONSUMER_GROUP_ID: buzz_group_db
2025-09-30 01:33:03 | INFO | BASE_DATA_DIR: /Users/USER/Projects/buzzline-05-USER/data
2025-09-30 01:33:03 | INFO | SQLITE_PATH: /Users/USER/Projects/buzzline-05-USER/data/buzz.sqlite
2025-09-30 01:33:03 | INFO | Kafka broker address: localhost:9092
2025-09-30 01:33:03 | INFO | Creating Kafka consumer. Topic='buzzline_db' and group ID='buzz_group_db'.
2025-09-30 01:33:03 | INFO | Kafka consumer created successfully.
2025-09-30 01:33:03 | INFO | consumer ready | topic=buzzline_db group=buzz_group_db db=/Users/USER/Projects/buzzline-05-USER/data/buzz.sqlite
2025-09-30 01:33:05 | INFO | {'message': 'I just tried JavaScript! It was weird.', 'author': 'Eve', 'timestamp': '2025-09-30 01:33:05', 'category': 'tech', 'sentiment': 0.58, 'keyword_mentioned': 'JavaScript', 'message_length': 38}
2025-09-30 01:33:06 | INFO | [ok] 2025-09-30 01:32:39 | Charlie | plain ex=1 qm=0 len=40
2025-09-30 01:33:06 | INFO | [ok] 2025-09-30 01:32:45 | Eve | plain ex=1 qm=0 len=36
2025-09-30 01:33:06 | INFO | [ok] 2025-09-30 01:32:50 | Eve | excited ex=1 qm=0 len=36
2025-09-30 01:33:06 | INFO | [ok] 2025-09-30 01:32:55 | Eve | excited ex=1 qm=0 len=35
2025-09-30 01:33:06 | INFO | [ok] 2025-09-30 01:33:00 | Alice | plain ex=1 qm=0 len=34
2025-09-30 01:33:06 | INFO | [ok] 2025-09-30 01:33:05 | Eve | plain ex=1 qm=0 len=38
2025-09-30 01:33:10 | INFO | {'message': 'I just saw JavaScript! It was amazing.', 'author': 'Alice', 'timestamp': '2025-09-30 01:33:10', 'category': 'tech', 'sentiment': 0.96, 'keyword_mentioned': 'JavaScript', 'message_length': 38}
2025-09-30 01:33:10 | INFO | [ok] 2025-09-30 01:33:10 | Alice | excited ex=1 qm=0 len=38
2025-09-30 01:33:15 | INFO | {'message': 'I just tried an app! It was weird.', 'author': 'Charlie', 'timestamp': '2025-09-30 01:33:15', 'category': 'other', 'sentiment': 0.07, 'keyword_mentioned': 'other', 'message_length': 34}
2025-09-30 01:33:15 | INFO | [ok] 2025-09-30 01:33:15 | Charlie | plain ex=1 qm=0 len=34
2025-09-30 01:33:20 | INFO | {'message': 'I just loved a movie! It was boring.', 'author': 'Bob', 'timestamp': '2025-09-30 01:33:20', 'category': 'entertainment', 'sentiment': 0.77, 'keyword_mentioned': 'movie', 'message_length': 36}
2025-09-30 01:33:20 | INFO | [ok] 2025-09-30 01:33:20 | Bob | excited ex=1 qm=0 len=36
2025-09-30 01:33:25 | INFO | {'message': 'I just found an app! It was funny.', 'author': 'Bob', 'timestamp': '2025-09-30 01:33:25', 'category': 'other', 'sentiment': 0.11, 'keyword_mentioned': 'other', 'message_length': 34}
2025-09-30 01:33:25 | INFO | [ok] 2025-09-30 01:33:25 | Bob | plain ex=1 qm=0 len=34
2025-09-30 01:33:30 | INFO | {'message': 'I just loved a trick! It was amazing.', 'author': 'Charlie', 'timestamp': '2025-09-30 01:33:30', 'category': 'other', 'sentiment': 0.67, 'keyword_mentioned': 'other', 'message_length': 37}
2025-09-30 01:33:30 | INFO | [ok] 2025-09-30 01:33:30 | Charlie | plain ex=1 qm=0 len=37
2025-09-30 01:33:35 | INFO | {'message': 'I just saw a trick! It was amazing.', 'author': 'Charlie', 'timestamp': '2025-09-30 01:33:35', 'category': 'other', 'sentiment': 0.27, 'keyword_mentioned': 'other', 'message_length': 35}
2025-09-30 01:33:35 | INFO | [ok] 2025-09-30 01:33:35 | Charlie | plain ex=1 qm=0 len=35
2025-09-30 01:33:40 | INFO | {'message': 'I just tried an app! It was weird.', 'author': 'Bob', 'timestamp': '2025-09-30 01:33:40', 'category': 'other', 'sentiment': 0.98, 'keyword_mentioned': 'other', 'message_length': 34}
2025-09-30 01:33:40 | INFO | [ok] 2025-09-30 01:33:40 | Bob | excited ex=1 qm=0 len=34
2025-09-30 01:33:45 | INFO | {'message': 'I just found recipe! It was exciting.', 'author': 'Eve', 'timestamp': '2025-09-30 01:33:45', 'category': 'food', 'sentiment': 0.31, 'keyword_mentioned': 'recipe', 'message_length': 37}
2025-09-30 01:33:45 | INFO | [ok] 2025-09-30 01:33:45 | Eve | plain ex=1 qm=0 len=37
2025-09-30 01:33:50 | INFO | {'message': 'I just tried game! It was amazing.', 'author': 'Alice', 'timestamp': '2025-09-30 01:33:50', 'category': 'gaming', 'sentiment': 0.3, 'keyword_mentioned': 'game', 'message_length': 34}
2025-09-30 01:33:50 | INFO | [ok] 2025-09-30 01:33:50 | Alice | plain ex=1 qm=0 len=34
2025-09-30 01:33:55 | INFO | {'message': 'I just tried recipe! It was exciting.', 'author': 'Eve', 'timestamp': '2025-09-30 01:33:55', 'category': 'food', 'sentiment': 0.2, 'keyword_mentioned': 'recipe', 'message_length': 37}
2025-09-30 01:33:55 | INFO | [ok] 2025-09-30 01:33:55 | Eve | plain ex=1 qm=0 len=37
2025-09-30 01:34:00 | INFO | {'message': 'I just shared a movie! It was boring.', 'author': 'Eve', 'timestamp': '2025-09-30 01:34:00', 'category': 'entertainment', 'sentiment': 0.47, 'keyword_mentioned': 'movie', 'message_length': 37}
2025-09-30 01:34:00 | INFO | [ok] 2025-09-30 01:34:00 | Eve | plain ex=1 qm=0 len=37
2025-09-30 01:34:05 | INFO | {'message': 'I just loved travel! It was exciting.', 'author': 'Eve', 'timestamp': '2025-09-30 01:34:05', 'category': 'travel', 'sentiment': 0.55, 'keyword_mentioned': 'travel', 'message_length': 37}
2025-09-30 01:34:05 | INFO | [ok] 2025-09-30 01:34:05 | Eve | plain ex=1 qm=0 len=37
2025-09-30 01:34:10 | INFO | {'message': 'I just shared game! It was amazing.', 'author': 'Alice', 'timestamp': '2025-09-30 01:34:10', 'category': 'gaming', 'sentiment': 0.4, 'keyword_mentioned': 'game', 'message_length': 35}
2025-09-30 01:34:10 | INFO | [ok] 2025-09-30 01:34:10 | Alice | plain ex=1 qm=0 len=35
2025-09-30 01:34:15 | INFO | {'message': 'I just shared an app! It was amazing.', 'author': 'Eve', 'timestamp': '2025-09-30 01:34:15', 'category': 'other', 'sentiment': 0.78, 'keyword_mentioned': 'other', 'message_length': 37}
2025-09-30 01:34:15 | INFO | [ok] 2025-09-30 01:34:15 | Eve | excited ex=1 qm=0 len=37
2025-09-30 01:34:20 | INFO | {'message': 'I just shared an app! It was boring.', 'author': 'Eve', 'timestamp': '2025-09-30 01:34:20', 'category': 'other', 'sentiment': 0.05, 'keyword_mentioned': 'other', 'message_length': 36}
2025-09-30 01:34:20 | INFO | [ok] 2025-09-30 01:34:20 | Eve | plain ex=1 qm=0 len=36
2025-09-30 01:34:25 | INFO | {'message': 'I just loved a meme! It was amazing.', 'author': 'Charlie', 'timestamp': '2025-09-30 01:34:25', 'category': 'humor', 'sentiment': 0.83, 'keyword_mentioned': 'meme', 'message_length': 36}
2025-09-30 01:34:25 | INFO | [ok] 2025-09-30 01:34:25 | Charlie | excited ex=1 qm=0 len=36
2025-09-30 01:34:30 | INFO | {'message': 'I just saw travel! It was weird.', 'author': 'Charlie', 'timestamp': '2025-09-30 01:34:30', 'category': 'travel', 'sentiment': 0.71, 'keyword_mentioned': 'travel', 'message_length': 32}
2025-09-30 01:34:30 | INFO | [ok] 2025-09-30 01:34:30 | Charlie | excited ex=1 qm=0 len=32
2025-09-30 01:34:35 | INFO | {'message': 'I just loved recipe! It was funny.', 'author': 'Bob', 'timestamp': '2025-09-30 01:34:35', 'category': 'food', 'sentiment': 0.62, 'keyword_mentioned': 'recipe', 'message_length': 34}
2025-09-30 01:34:35 | INFO | [ok] 2025-09-30 01:34:35 | Bob | plain ex=1 qm=0 len=34
2025-09-30 01:34:40 | INFO | {'message': 'I just shared recipe! It was boring.', 'author': 'Bob', 'timestamp': '2025-09-30 01:34:40', 'category': 'food', 'sentiment': 0.32, 'keyword_mentioned': 'recipe', 'message_length': 36}
2025-09-30 01:34:40 | INFO | [ok] 2025-09-30 01:34:40 | Bob | plain ex=1 qm=0 len=36
2025-09-30 01:34:45 | INFO | {'message': 'I just found a trick! It was funny.', 'author': 'Eve', 'timestamp': '2025-09-30 01:34:45', 'category': 'other', 'sentiment': 0.59, 'keyword_mentioned': 'other', 'message_length': 35}
2025-09-30 01:34:45 | INFO | [ok] 2025-09-30 01:34:45 | Eve | plain ex=1 qm=0 len=35
2025-09-30 01:34:50 | INFO | {'message': 'I just loved a story! It was amazing.', 'author': 'Charlie', 'timestamp': '2025-09-30 01:34:50', 'category': 'other', 'sentiment': 0.85, 'keyword_mentioned': 'other', 'message_length': 37}
2025-09-30 01:34:50 | INFO | [ok] 2025-09-30 01:34:50 | Charlie | excited ex=1 qm=0 len=37
2025-09-30 01:34:55 | INFO | {'message': 'I just tried game! It was funny.', 'author': 'Charlie', 'timestamp': '2025-09-30 01:34:55', 'category': 'gaming', 'sentiment': 0.32, 'keyword_mentioned': 'game', 'message_length': 32}
2025-09-30 01:34:55 | INFO | [ok] 2025-09-30 01:34:55 | Charlie | plain ex=1 qm=0 len=32
2025-09-30 01:35:00 | INFO | {'message': 'I just found a story! It was amazing.', 'author': 'Bob', 'timestamp': '2025-09-30 01:35:00', 'category': 'other', 'sentiment': 0.08, 'keyword_mentioned': 'other', 'message_length': 37}
2025-09-30 01:35:00 | INFO | [ok] 2025-09-30 01:35:00 | Bob | plain ex=1 qm=0 len=37
2025-09-30 01:35:05 | INFO | {'message': 'I just saw a trick! It was amazing.', 'author': 'Charlie', 'timestamp': '2025-09-30 01:35:05', 'category': 'other', 'sentiment': 0.48, 'keyword_mentioned': 'other', 'message_length': 35}
2025-09-30 01:35:05 | INFO | [ok] 2025-09-30 01:35:05 | Charlie | plain ex=1 qm=0 len=35
2025-09-30 01:35:10 | INFO | {'message': 'I just found JavaScript! It was funny.', 'author': 'Bob', 'timestamp': '2025-09-30 01:35:10', 'category': 'tech', 'sentiment': 0.19, 'keyword_mentioned': 'JavaScript', 'message_length': 38}
2025-09-30 01:35:10 | INFO | [ok] 2025-09-30 01:35:10 | Bob | plain ex=1 qm=0 len=38
2025-09-30 01:35:15 | INFO | {'message': 'I just tried recipe! It was weird.', 'author': 'Charlie', 'timestamp': '2025-09-30 01:35:15', 'category': 'food', 'sentiment': 0.85, 'keyword_mentioned': 'recipe', 'message_length': 34}
2025-09-30 01:35:15 | INFO | [ok] 2025-09-30 01:35:15 | Charlie | excited ex=1 qm=0 len=34
2025-09-30 01:35:20 | INFO | {'message': 'I just loved JavaScript! It was boring.', 'author': 'Eve', 'timestamp': '2025-09-30 01:35:20', 'category': 'tech', 'sentiment': 0.39, 'keyword_mentioned': 'JavaScript', 'message_length': 39}
2025-09-30 01:35:20 | INFO | [ok] 2025-09-30 01:35:20 | Eve | plain ex=1 qm=0 len=39
2025-09-30 01:35:25 | INFO | {'message': 'I just tried a movie! It was funny.', 'author': 'Eve', 'timestamp': '2025-09-30 01:35:25', 'category': 'entertainment', 'sentiment': 0.94, 'keyword_mentioned': 'movie', 'message_length': 35}
2025-09-30 01:35:25 | INFO | [ok] 2025-09-30 01:35:25 | Eve | excited ex=1 qm=0 len=35
2025-09-30 01:35:30 | INFO | {'message': 'I just shared recipe! It was funny.', 'author': 'Eve', 'timestamp': '2025-09-30 01:35:30', 'category': 'food', 'sentiment': 0.02, 'keyword_mentioned': 'recipe', 'message_length': 35}
2025-09-30 01:35:30 | INFO | [ok] 2025-09-30 01:35:30 | Eve | plain ex=1 qm=0 len=35
2025-09-30 01:35:35 | INFO | {'message': 'I just found JavaScript! It was weird.', 'author': 'Alice', 'timestamp': '2025-09-30 01:35:35', 'category': 'tech', 'sentiment': 0.55, 'keyword_mentioned': 'JavaScript', 'message_length': 38}
2025-09-30 01:35:35 | INFO | [ok] 2025-09-30 01:35:35 | Alice | plain ex=1 qm=0 len=38
2025-09-30 01:35:40 | INFO | {'message': 'I just loved JavaScript! It was exciting.', 'author': 'Alice', 'timestamp': '2025-09-30 01:35:40', 'category': 'tech', 'sentiment': 0.91, 'keyword_mentioned': 'JavaScript', 'message_length': 41}
2025-09-30 01:35:40 | INFO | [ok] 2025-09-30 01:35:40 | Alice | excited ex=1 qm=0 len=41
2025-09-30 01:35:45 | INFO | {'message': 'I just found Python! It was amazing.', 'author': 'Bob', 'timestamp': '2025-09-30 01:35:45', 'category': 'tech', 'sentiment': 0.12, 'keyword_mentioned': 'Python', 'message_length': 36}
2025-09-30 01:35:45 | INFO | [ok] 2025-09-30 01:35:45 | Bob | plain ex=1 qm=0 len=36
2025-09-30 01:35:50 | INFO | {'message': 'I just found a trick! It was weird.', 'author': 'Alice', 'timestamp': '2025-09-30 01:35:50', 'category': 'other', 'sentiment': 0.32, 'keyword_mentioned': 'other', 'message_length': 35}
2025-09-30 01:35:50 | INFO | [ok] 2025-09-30 01:35:50 | Alice | plain ex=1 qm=0 len=35
2025-09-30 01:35:55 | INFO | {'message': 'I just saw JavaScript! It was funny.', 'author': 'Alice', 'timestamp': '2025-09-30 01:35:55', 'category': 'tech', 'sentiment': 0.02, 'keyword_mentioned': 'JavaScript', 'message_length': 36}
2025-09-30 01:35:55 | INFO | [ok] 2025-09-30 01:35:55 | Alice | plain ex=1 qm=0 len=36
2025-09-30 01:36:00 | INFO | {'message': 'I just tried game! It was funny.', 'author': 'Eve', 'timestamp': '2025-09-30 01:36:00', 'category': 'gaming', 'sentiment': 0.34, 'keyword_mentioned': 'game', 'message_length': 32}
2025-09-30 01:36:00 | INFO | [ok] 2025-09-30 01:36:00 | Eve | plain ex=1 qm=0 len=32
2025-09-30 01:36:05 | INFO | {'message': 'I just saw Python! It was boring.', 'author': 'Charlie', 'timestamp': '2025-09-30 01:36:05', 'category': 'tech', 'sentiment': 0.45, 'keyword_mentioned': 'Python', 'message_length': 33}
2025-09-30 01:36:05 | INFO | [ok] 2025-09-30 01:36:05 | Charlie | plain ex=1 qm=0 len=33
2025-09-30 01:36:10 | INFO | {'message': 'I just found a story! It was funny.', 'author': 'Charlie', 'timestamp': '2025-09-30 01:36:10', 'category': 'other', 'sentiment': 0.78, 'keyword_mentioned': 'other', 'message_length': 35}
2025-09-30 01:36:10 | INFO | [ok] 2025-09-30 01:36:10 | Charlie | excited ex=1 qm=0 len=35
2025-09-30 01:36:15 | INFO | {'message': 'I just tried game! It was exciting.', 'author': 'Bob', 'timestamp': '2025-09-30 01:36:15', 'category': 'gaming', 'sentiment': 0.96, 'keyword_mentioned': 'game', 'message_length': 35}
2025-09-30 01:36:15 | INFO | [ok] 2025-09-30 01:36:15 | Bob | excited ex=1 qm=0 len=35
2025-09-30 01:36:20 | INFO | {'message': 'I just shared a trick! It was amazing.', 'author': 'Charlie', 'timestamp': '2025-09-30 01:36:20', 'category': 'other', 'sentiment': 0.17, 'keyword_mentioned': 'other', 'message_length': 38}
2025-09-30 01:36:20 | INFO | [ok] 2025-09-30 01:36:20 | Charlie | plain ex=1 qm=0 len=38
2025-09-30 01:36:25 | INFO | {'message': 'I just saw travel! It was weird.', 'author': 'Eve', 'timestamp': '2025-09-30 01:36:25', 'category': 'travel', 'sentiment': 0.75, 'keyword_mentioned': 'travel', 'message_length': 32}
2025-09-30 01:36:25 | INFO | [ok] 2025-09-30 01:36:25 | Eve | excited ex=1 qm=0 len=32
2025-09-30 01:36:30 | INFO | {'message': 'I just saw a movie! It was boring.', 'author': 'Eve', 'timestamp': '2025-09-30 01:36:30', 'category': 'entertainment', 'sentiment': 0.08, 'keyword_mentioned': 'movie', 'message_length': 34}
2025-09-30 01:36:30 | INFO | [ok] 2025-09-30 01:36:30 | Eve | plain ex=1 qm=0 len=34
2025-09-30 01:36:35 | INFO | {'message': 'I just loved a movie! It was exciting.', 'author': 'Eve', 'timestamp': '2025-09-30 01:36:35', 'category': 'entertainment', 'sentiment': 0.87, 'keyword_mentioned': 'movie', 'message_length': 38}
2025-09-30 01:36:35 | INFO | [ok] 2025-09-30 01:36:35 | Eve | excited ex=1 qm=0 len=38
2025-09-30 01:36:40 | INFO | {'message': 'I just loved game! It was weird.', 'author': 'Bob', 'timestamp': '2025-09-30 01:36:40', 'category': 'gaming', 'sentiment': 0.87, 'keyword_mentioned': 'game', 'message_length': 32}
2025-09-30 01:36:40 | INFO | [ok] 2025-09-30 01:36:40 | Bob | excited ex=1 qm=0 len=32
2025-09-30 01:36:45 | INFO | {'message': 'I just shared an app! It was funny.', 'author': 'Alice', 'timestamp': '2025-09-30 01:36:45', 'category': 'other', 'sentiment': 0.82, 'keyword_mentioned': 'other', 'message_length': 35}
2025-09-30 01:36:45 | INFO | [ok] 2025-09-30 01:36:45 | Alice | excited ex=1 qm=0 len=35
2025-09-30 01:36:50 | INFO | {'message': 'I just tried an app! It was exciting.', 'author': 'Eve', 'timestamp': '2025-09-30 01:36:50', 'category': 'other', 'sentiment': 0.8, 'keyword_mentioned': 'other', 'message_length': 37}
2025-09-30 01:36:50 | INFO | [ok] 2025-09-30 01:36:50 | Eve | excited ex=1 qm=0 len=37
2025-09-30 01:36:55 | INFO | {'message': 'I just tried JavaScript! It was weird.', 'author': 'Bob', 'timestamp': '2025-09-30 01:36:55', 'category': 'tech', 'sentiment': 0.73, 'keyword_mentioned': 'JavaScript', 'message_length': 38}
2025-09-30 01:36:55 | INFO | [ok] 2025-09-30 01:36:55 | Bob | excited ex=1 qm=0 len=38
2025-09-30 01:37:00 | INFO | {'message': 'I just shared game! It was boring.', 'author': 'Charlie', 'timestamp': '2025-09-30 01:37:00', 'category': 'gaming', 'sentiment': 0.59, 'keyword_mentioned': 'game', 'message_length': 34}
2025-09-30 01:37:00 | INFO | [ok] 2025-09-30 01:37:00 | Charlie | plain ex=1 qm=0 len=34
2025-09-30 01:37:05 | INFO | {'message': 'I just tried an app! It was weird.', 'author': 'Bob', 'timestamp': '2025-09-30 01:37:05', 'category': 'other', 'sentiment': 0.41, 'keyword_mentioned': 'other', 'message_length': 34}
2025-09-30 01:37:05 | INFO | [ok] 2025-09-30 01:37:05 | Bob | plain ex=1 qm=0 len=34
2025-09-30 01:37:10 | INFO | {'message': 'I just loved a movie! It was exciting.', 'author': 'Eve', 'timestamp': '2025-09-30 01:37:10', 'category': 'entertainment', 'sentiment': 0.61, 'keyword_mentioned': 'movie', 'message_length': 38}
2025-09-30 01:37:10 | INFO | [ok] 2025-09-30 01:37:10 | Eve | plain ex=1 qm=0 len=38
2025-09-30 01:37:15 | INFO | {'message': 'I just loved game! It was boring.', 'author': 'Alice', 'timestamp': '2025-09-30 01:37:15', 'category': 'gaming', 'sentiment': 0.79, 'keyword_mentioned': 'game', 'message_length': 33}
2025-09-30 01:37:15 | INFO | [ok] 2025-09-30 01:37:15 | Alice | excited ex=1 qm=0 len=33
2025-09-30 01:37:20 | INFO | {'message': 'I just tried a trick! It was weird.', 'author': 'Charlie', 'timestamp': '2025-09-30 01:37:20', 'category': 'other', 'sentiment': 0.45, 'keyword_mentioned': 'other', 'message_length': 35}
2025-09-30 01:37:20 | INFO | [ok] 2025-09-30 01:37:20 | Charlie | plain ex=1 qm=0 len=35
2025-09-30 01:37:25 | INFO | {'message': 'I just found travel! It was amazing.', 'author': 'Eve', 'timestamp': '2025-09-30 01:37:25', 'category': 'travel', 'sentiment': 0.12, 'keyword_mentioned': 'travel', 'message_length': 36}
2025-09-30 01:37:25 | INFO | [ok] 2025-09-30 01:37:25 | Eve | plain ex=1 qm=0 len=36
2025-09-30 01:37:30 | INFO | {'message': 'I just found a meme! It was boring.', 'author': 'Alice', 'timestamp': '2025-09-30 01:37:30', 'category': 'humor', 'sentiment': 0.14, 'keyword_mentioned': 'meme', 'message_length': 35}
2025-09-30 01:37:30 | INFO | [ok] 2025-09-30 01:37:30 | Alice | plain ex=1 qm=0 len=35
2025-09-30 01:37:35 | INFO | {'message': 'I just found an app! It was boring.', 'author': 'Bob', 'timestamp': '2025-09-30 01:37:35', 'category': 'other', 'sentiment': 0.32, 'keyword_mentioned': 'other', 'message_length': 35}
2025-09-30 01:37:35 | INFO | [ok] 2025-09-30 01:37:35 | Bob | plain ex=1 qm=0 len=35
2025-09-30 01:37:40 | INFO | {'message': 'I just loved a story! It was weird.', 'author': 'Alice', 'timestamp': '2025-09-30 01:37:40', 'category': 'other', 'sentiment': 0.37, 'keyword_mentioned': 'other', 'message_length': 35}
2025-09-30 01:37:40 | INFO | [ok] 2025-09-30 01:37:40 | Alice | plain ex=1 qm=0 len=35
2025-09-30 01:37:45 | INFO | {'message': 'I just shared a meme! It was funny.', 'author': 'Eve', 'timestamp': '2025-09-30 01:37:45', 'category': 'humor', 'sentiment': 0.37, 'keyword_mentioned': 'meme', 'message_length': 35}
2025-09-30 01:37:45 | INFO | [ok] 2025-09-30 01:37:45 | Eve | plain ex=1 qm=0 len=35
2025-09-30 01:37:50 | INFO | {'message': 'I just shared game! It was weird.', 'author': 'Alice', 'timestamp': '2025-09-30 01:37:50', 'category': 'gaming', 'sentiment': 0.02, 'keyword_mentioned': 'game', 'message_length': 33}
2025-09-30 01:37:50 | INFO | [ok] 2025-09-30 01:37:50 | Alice | plain ex=1 qm=0 len=33
2025-09-30 01:37:55 | INFO | {'message': 'I just loved an app! It was boring.', 'author': 'Alice', 'timestamp': '2025-09-30 01:37:55', 'category': 'other', 'sentiment': 0.5, 'keyword_mentioned': 'other', 'message_length': 35}
2025-09-30 01:37:55 | INFO | [ok] 2025-09-30 01:37:55 | Alice | plain ex=1 qm=0 len=35
2025-09-30 01:38:00 | INFO | {'message': 'I just found recipe! It was boring.', 'author': 'Alice', 'timestamp': '2025-09-30 01:38:00', 'category': 'food', 'sentiment': 0.02, 'keyword_mentioned': 'recipe', 'message_length': 35}
2025-09-30 01:38:00 | INFO | [ok] 2025-09-30 01:38:00 | Alice | plain ex=1 qm=0 len=35
2025-09-30 01:38:05 | INFO | {'message': 'I just tried recipe! It was boring.', 'author': 'Alice', 'timestamp': '2025-09-30 01:38:05', 'category': 'food', 'sentiment': 0.49, 'keyword_mentioned': 'recipe', 'message_length': 35}
2025-09-30 01:38:05 | INFO | [ok] 2025-09-30 01:38:05 | Alice | plain ex=1 qm=0 len=35
2025-09-30 01:38:10 | INFO | {'message': 'I just tried a movie! It was exciting.', 'author': 'Alice', 'timestamp': '2025-09-30 01:38:10', 'category': 'entertainment', 'sentiment': 0.6, 'keyword_mentioned': 'movie', 'message_length': 38}
2025-09-30 01:38:10 | INFO | [ok] 2025-09-30 01:38:10 | Alice | plain ex=1 qm=0 len=38
2025-09-30 01:38:15 | INFO | {'message': 'I just saw a story! It was amazing.', 'author': 'Bob', 'timestamp': '2025-09-30 01:38:15', 'category': 'other', 'sentiment': 0.4, 'keyword_mentioned': 'other', 'message_length': 35}
2025-09-30 01:38:15 | INFO | [ok] 2025-09-30 01:38:15 | Bob | plain ex=1 qm=0 len=35
2025-09-30 01:38:20 | INFO | {'message': 'I just shared a movie! It was weird.', 'author': 'Eve', 'timestamp': '2025-09-30 01:38:20', 'category': 'entertainment', 'sentiment': 0.68, 'keyword_mentioned': 'movie', 'message_length': 36}
2025-09-30 01:38:20 | INFO | [ok] 2025-09-30 01:38:20 | Eve | plain ex=1 qm=0 len=36
2025-09-30 01:38:25 | INFO | {'message': 'I just saw recipe! It was exciting.', 'author': 'Alice', 'timestamp': '2025-09-30 01:38:25', 'category': 'food', 'sentiment': 0.81, 'keyword_mentioned': 'recipe', 'message_length': 35}
2025-09-30 01:38:25 | INFO | [ok] 2025-09-30 01:38:25 | Alice | excited ex=1 qm=0 len=35
2025-09-30 01:38:30 | INFO | {'message': 'I just loved travel! It was amazing.', 'author': 'Eve', 'timestamp': '2025-09-30 01:38:30', 'category': 'travel', 'sentiment': 0.08, 'keyword_mentioned': 'travel', 'message_length': 36}
2025-09-30 01:38:30 | INFO | [ok] 2025-09-30 01:38:30 | Eve | plain ex=1 qm=0 len=36
2025-09-30 01:38:35 | INFO | {'message': 'I just found JavaScript! It was amazing.', 'author': 'Charlie', 'timestamp': '2025-09-30 01:38:35', 'category': 'tech', 'sentiment': 0.5, 'keyword_mentioned': 'JavaScript', 'message_length': 40}
2025-09-30 01:38:35 | INFO | [ok] 2025-09-30 01:38:35 | Charlie | plain ex=1 qm=0 len=40
2025-09-30 01:38:40 | INFO | {'message': 'I just shared travel! It was boring.', 'author': 'Eve', 'timestamp': '2025-09-30 01:38:40', 'category': 'travel', 'sentiment': 0.82, 'keyword_mentioned': 'travel', 'message_length': 36}
2025-09-30 01:38:40 | INFO | [ok] 2025-09-30 01:38:40 | Eve | excited ex=1 qm=0 len=36
2025-09-30 01:38:45 | INFO | {'message': 'I just saw a story! It was exciting.', 'author': 'Alice', 'timestamp': '2025-09-30 01:38:45', 'category': 'other', 'sentiment': 0.61, 'keyword_mentioned': 'other', 'message_length': 36}
2025-09-30 01:38:45 | INFO | [ok] 2025-09-30 01:38:45 | Alice | plain ex=1 qm=0 len=36
2025-09-30 01:38:50 | INFO | {'message': 'I just shared game! It was boring.', 'author': 'Eve', 'timestamp': '2025-09-30 01:38:50', 'category': 'gaming', 'sentiment': 0.07, 'keyword_mentioned': 'game', 'message_length': 34}
2025-09-30 01:38:50 | INFO | [ok] 2025-09-30 01:38:50 | Eve | plain ex=1 qm=0 len=34
2025-09-30 01:38:55 | INFO | {'message': 'I just found a movie! It was amazing.', 'author': 'Charlie', 'timestamp': '2025-09-30 01:38:55', 'category': 'entertainment', 'sentiment': 0.06, 'keyword_mentioned': 'movie', 'message_length': 37}
2025-09-30 01:38:55 | INFO | [ok] 2025-09-30 01:38:55 | Charlie | plain ex=1 qm=0 len=37
2025-09-30 01:39:00 | INFO | {'message': 'I just found a story! It was funny.', 'author': 'Charlie', 'timestamp': '2025-09-30 01:39:00', 'category': 'other', 'sentiment': 0.64, 'keyword_mentioned': 'other', 'message_length': 35}
2025-09-30 01:39:00 | INFO | [ok] 2025-09-30 01:39:00 | Charlie | plain ex=1 qm=0 len=35
2025-09-30 01:39:05 | INFO | {'message': 'I just saw recipe! It was boring.', 'author': 'Alice', 'timestamp': '2025-09-30 01:39:05', 'category': 'food', 'sentiment': 0.3, 'keyword_mentioned': 'recipe', 'message_length': 33}
2025-09-30 01:39:05 | INFO | [ok] 2025-09-30 01:39:05 | Alice | plain ex=1 qm=0 len=33
2025-09-30 01:39:10 | INFO | {'message': 'I just saw an app! It was exciting.', 'author': 'Eve', 'timestamp': '2025-09-30 01:39:10', 'category': 'other', 'sentiment': 0.04, 'keyword_mentioned': 'other', 'message_length': 35}
2025-09-30 01:39:10 | INFO | [ok] 2025-09-30 01:39:10 | Eve | plain ex=1 qm=0 len=35
2025-09-30 01:39:15 | INFO | {'message': 'I just found travel! It was weird.', 'author': 'Charlie', 'timestamp': '2025-09-30 01:39:15', 'category': 'travel', 'sentiment': 0.65, 'keyword_mentioned': 'travel', 'message_length': 34}
2025-09-30 01:39:15 | INFO | [ok] 2025-09-30 01:39:15 | Charlie | plain ex=1 qm=0 len=34
2025-09-30 01:39:20 | INFO | {'message': 'I just loved Python! It was funny.', 'author': 'Charlie', 'timestamp': '2025-09-30 01:39:20', 'category': 'tech', 'sentiment': 0.77, 'keyword_mentioned': 'Python', 'message_length': 34}
2025-09-30 01:39:20 | INFO | [ok] 2025-09-30 01:39:20 | Charlie | excited ex=1 qm=0 len=34
2025-09-30 01:39:25 | INFO | {'message': 'I just shared a trick! It was exciting.', 'author': 'Bob', 'timestamp': '2025-09-30 01:39:25', 'category': 'other', 'sentiment': 0.77, 'keyword_mentioned': 'other', 'message_length': 39}
2025-09-30 01:39:25 | INFO | [ok] 2025-09-30 01:39:25 | Bob | excited ex=1 qm=0 len=39
2025-09-30 01:39:30 | INFO | {'message': 'I just loved a trick! It was funny.', 'author': 'Alice', 'timestamp': '2025-09-30 01:39:30', 'category': 'other', 'sentiment': 0.1, 'keyword_mentioned': 'other', 'message_length': 35}
2025-09-30 01:39:30 | INFO | [ok] 2025-09-30 01:39:30 | Alice | plain ex=1 qm=0 len=35
2025-09-30 01:39:35 | INFO | {'message': 'I just tried a trick! It was exciting.', 'author': 'Eve', 'timestamp': '2025-09-30 01:39:35', 'category': 'other', 'sentiment': 0.52, 'keyword_mentioned': 'other', 'message_length': 38}
2025-09-30 01:39:35 | INFO | [ok] 2025-09-30 01:39:35 | Eve | plain ex=1 qm=0 len=38
2025-09-30 01:39:40 | INFO | {'message': 'I just tried an app! It was amazing.', 'author': 'Charlie', 'timestamp': '2025-09-30 01:39:40', 'category': 'other', 'sentiment': 0.86, 'keyword_mentioned': 'other', 'message_length': 36}
2025-09-30 01:39:40 | INFO | [ok] 2025-09-30 01:39:40 | Charlie | excited ex=1 qm=0 len=36
2025-09-30 01:39:45 | INFO | {'message': 'I just saw an app! It was weird.', 'author': 'Bob', 'timestamp': '2025-09-30 01:39:45', 'category': 'other', 'sentiment': 0.76, 'keyword_mentioned': 'other', 'message_length': 32}
2025-09-30 01:39:45 | INFO | [ok] 2025-09-30 01:39:45 | Bob | excited ex=1 qm=0 len=32
2025-09-30 01:39:50 | INFO | {'message': 'I just saw Python! It was amazing.', 'author': 'Eve', 'timestamp': '2025-09-30 01:39:50', 'category': 'tech', 'sentiment': 0.27, 'keyword_mentioned': 'Python', 'message_length': 34}
2025-09-30 01:39:50 | INFO | [ok] 2025-09-30 01:39:50 | Eve | plain ex=1 qm=0 len=34
2025-09-30 01:39:55 | INFO | {'message': 'I just shared a story! It was exciting.', 'author': 'Eve', 'timestamp': '2025-09-30 01:39:55', 'category': 'other', 'sentiment': 0.37, 'keyword_mentioned': 'other', 'message_length': 39}
2025-09-30 01:39:55 | INFO | [ok] 2025-09-30 01:39:55 | Eve | plain ex=1 qm=0 len=39
2025-09-30 01:40:00 | INFO | {'message': 'I just tried recipe! It was boring.', 'author': 'Eve', 'timestamp': '2025-09-30 01:40:00', 'category': 'food', 'sentiment': 0.11, 'keyword_mentioned': 'recipe', 'message_length': 35}
2025-09-30 01:40:00 | INFO | [ok] 2025-09-30 01:40:00 | Eve | plain ex=1 qm=0 len=35
2025-09-30 01:40:05 | INFO | {'message': 'I just found JavaScript! It was exciting.', 'author': 'Alice', 'timestamp': '2025-09-30 01:40:05', 'category': 'tech', 'sentiment': 0.78, 'keyword_mentioned': 'JavaScript', 'message_length': 41}
2025-09-30 01:40:05 | INFO | [ok] 2025-09-30 01:40:05 | Alice | excited ex=1 qm=0 len=41
2025-09-30 01:40:10 | INFO | {'message': 'I just loved recipe! It was funny.', 'author': 'Eve', 'timestamp': '2025-09-30 01:40:10', 'category': 'food', 'sentiment': 0.69, 'keyword_mentioned': 'recipe', 'message_length': 34}
2025-09-30 01:40:10 | INFO | [ok] 2025-09-30 01:40:10 | Eve | plain ex=1 qm=0 len=34
2025-09-30 01:40:15 | INFO | {'message': 'I just shared a story! It was exciting.', 'author': 'Bob', 'timestamp': '2025-09-30 01:40:15', 'category': 'other', 'sentiment': 0.87, 'keyword_mentioned': 'other', 'message_length': 39}
2025-09-30 01:40:16 | INFO | [ok] 2025-09-30 01:40:15 | Bob | excited ex=1 qm=0 len=39
2025-09-30 01:40:21 | INFO | {'message': 'I just found JavaScript! It was boring.', 'author': 'Bob', 'timestamp': '2025-09-30 01:40:21', 'category': 'tech', 'sentiment': 0.8, 'keyword_mentioned': 'JavaScript', 'message_length': 39}
2025-09-30 01:40:21 | INFO | [ok] 2025-09-30 01:40:21 | Bob | excited ex=1 qm=0 len=39
2025-09-30 01:40:26 | INFO | {'message': 'I just tried a meme! It was amazing.', 'author': 'Bob', 'timestamp': '2025-09-30 01:40:26', 'category': 'humor', 'sentiment': 0.36, 'keyword_mentioned': 'meme', 'message_length': 36}
2025-09-30 01:40:26 | INFO | [ok] 2025-09-30 01:40:26 | Bob | plain ex=1 qm=0 len=36
2025-09-30 01:40:31 | INFO | {'message': 'I just shared a meme! It was boring.', 'author': 'Alice', 'timestamp': '2025-09-30 01:40:31', 'category': 'humor', 'sentiment': 0.65, 'keyword_mentioned': 'meme', 'message_length': 36}
2025-09-30 01:40:31 | INFO | [ok] 2025-09-30 01:40:31 | Alice | plain ex=1 qm=0 len=36
2025-09-30 01:40:36 | INFO | {'message': 'I just saw a movie! It was exciting.', 'author': 'Charlie', 'timestamp': '2025-09-30 01:40:36', 'category': 'entertainment', 'sentiment': 0.34, 'keyword_mentioned': 'movie', 'message_length': 36}
2025-09-30 01:40:36 | INFO | [ok] 2025-09-30 01:40:36 | Charlie | plain ex=1 qm=0 len=36
2025-09-30 01:40:41 | INFO | {'message': 'I just shared a movie! It was weird.', 'author': 'Charlie', 'timestamp': '2025-09-30 01:40:41', 'category': 'entertainment', 'sentiment': 0.65, 'keyword_mentioned': 'movie', 'message_length': 36}
2025-09-30 01:40:41 | INFO | [ok] 2025-09-30 01:40:41 | Charlie | plain ex=1 qm=0 len=36
2025-09-30 01:40:46 | INFO | {'message': 'I just saw JavaScript! It was weird.', 'author': 'Bob', 'timestamp': '2025-09-30 01:40:46', 'category': 'tech', 'sentiment': 1.0, 'keyword_mentioned': 'JavaScript', 'message_length': 36}
2025-09-30 01:40:46 | INFO | [ok] 2025-09-30 01:40:46 | Bob | excited ex=1 qm=0 len=36
2025-09-30 01:40:51 | INFO | {'message': 'I just tried game! It was boring.', 'author': 'Bob', 'timestamp': '2025-09-30 01:40:51', 'category': 'gaming', 'sentiment': 0.33, 'keyword_mentioned': 'game', 'message_length': 33}
2025-09-30 01:40:51 | INFO | [ok] 2025-09-30 01:40:51 | Bob | plain ex=1 qm=0 len=33
2025-09-30 01:40:56 | INFO | {'message': 'I just saw Python! It was exciting.', 'author': 'Alice', 'timestamp': '2025-09-30 01:40:56', 'category': 'tech', 'sentiment': 0.75, 'keyword_mentioned': 'Python', 'message_length': 35}
2025-09-30 01:40:56 | INFO | [ok] 2025-09-30 01:40:56 | Alice | excited ex=1 qm=0 len=35
2025-09-30 01:41:01 | INFO | {'message': 'I just found a meme! It was exciting.', 'author': 'Charlie', 'timestamp': '2025-09-30 01:41:01', 'category': 'humor', 'sentiment': 1.0, 'keyword_mentioned': 'meme', 'message_length': 37}
2025-09-30 01:41:01 | INFO | [ok] 2025-09-30 01:41:01 | Charlie | excited ex=1 qm=0 len=37
2025-09-30 01:41:06 | INFO | {'message': 'I just shared game! It was exciting.', 'author': 'Charlie', 'timestamp': '2025-09-30 01:41:06', 'category': 'gaming', 'sentiment': 0.59, 'keyword_mentioned': 'game', 'message_length': 36}
2025-09-30 01:41:06 | INFO | [ok] 2025-09-30 01:41:06 | Charlie | plain ex=1 qm=0 len=36
2025-09-30 01:41:11 | INFO | {'message': 'I just saw recipe! It was boring.', 'author': 'Eve', 'timestamp': '2025-09-30 01:41:11', 'category': 'food', 'sentiment': 0.15, 'keyword_mentioned': 'recipe', 'message_length': 33}
2025-09-30 01:41:11 | INFO | [ok] 2025-09-30 01:41:11 | Eve | plain ex=1 qm=0 len=33
2025-09-30 01:41:16 | INFO | {'message': 'I just loved a story! It was amazing.', 'author': 'Bob', 'timestamp': '2025-09-30 01:41:16', 'category': 'other', 'sentiment': 0.51, 'keyword_mentioned': 'other', 'message_length': 37}
2025-09-30 01:41:16 | INFO | [ok] 2025-09-30 01:41:16 | Bob | plain ex=1 qm=0 len=37
2025-09-30 01:41:21 | INFO | {'message': 'I just saw an app! It was boring.', 'author': 'Charlie', 'timestamp': '2025-09-30 01:41:21', 'category': 'other', 'sentiment': 0.92, 'keyword_mentioned': 'other', 'message_length': 33}
2025-09-30 01:41:21 | INFO | [ok] 2025-09-30 01:41:21 | Charlie | excited ex=1 qm=0 len=33
2025-09-30 01:41:26 | INFO | {'message': 'I just loved Python! It was boring.', 'author': 'Bob', 'timestamp': '2025-09-30 01:41:26', 'category': 'tech', 'sentiment': 0.02, 'keyword_mentioned': 'Python', 'message_length': 35}
2025-09-30 01:41:26 | INFO | [ok] 2025-09-30 01:41:26 | Bob | plain ex=1 qm=0 len=35
2025-09-30 01:41:31 | INFO | {'message': 'I just saw game! It was funny.', 'author': 'Alice', 'timestamp': '2025-09-30 01:41:31', 'category': 'gaming', 'sentiment': 0.51, 'keyword_mentioned': 'game', 'message_length': 30}
2025-09-30 01:41:31 | INFO | [ok] 2025-09-30 01:41:31 | Alice | plain ex=1 qm=0 len=30
2025-09-30 01:41:36 | INFO | {'message': 'I just shared JavaScript! It was amazing.', 'author': 'Eve', 'timestamp': '2025-09-30 01:41:36', 'category': 'tech', 'sentiment': 0.38, 'keyword_mentioned': 'JavaScript', 'message_length': 41}
2025-09-30 01:41:36 | INFO | [ok] 2025-09-30 01:41:36 | Eve | plain ex=1 qm=0 len=41
